Detecting C compiler ABI info failed to compile with the following output:
Change Dir: /home/michele/myesp/whells/build/CMakeFiles/CMakeTmp

Run Build Command(s):/usr/bin/ninja cmTC_c2552 && ninja: error: unknown target 'cmTC_c2552'




Detecting C compiler ABI info failed to compile with the following output:
Change Dir: /home/michele/myesp/whells/build/CMakeFiles/CMakeTmp

Run Build Command(s):/usr/bin/ninja cmTC_1672e && [1/2] Building C object CMakeFiles/cmTC_1672e.dir/CMakeCCompilerABI.c.obj
FAILED: CMakeFiles/cmTC_1672e.dir/CMakeCCompilerABI.c.obj 
/home/michele/.espressif/tools/riscv32-esp-elf/esp-2021r2-8.4.0/riscv32-esp-elf/bin/riscv32-esp-elf-gcc   -march=rv32imc    -v -o CMakeFiles/cmTC_1672e.dir/CMakeCCompilerABI.c.obj -c /usr/share/cmake-3.18/Modules/CMakeCCompilerABI.c
Using built-in specs.
COLLECT_GCC=/home/michele/.espressif/tools/riscv32-esp-elf/esp-2021r2-8.4.0/riscv32-esp-elf/bin/riscv32-esp-elf-gcc
Target: riscv32-esp-elf
Configured with: /builds/idf/crosstool-NG/.build/riscv32-esp-elf/src/gcc/configure --build=x86_64-build_pc-linux-gnu --host=x86_64-build_pc-linux-gnu --target=riscv32-esp-elf --prefix=/builds/idf/crosstool-NG/builds/riscv32-esp-elf --with-local-prefix=/builds/idf/crosstool-NG/builds/riscv32-esp-elf/riscv32-esp-elf --with-headers=/builds/idf/crosstool-NG/builds/riscv32-esp-elf/riscv32-esp-elf/include --with-newlib --enable-threads=no --disable-shared --with-arch=rv32imc --with-abi=ilp32 --with-pkgversion='crosstool-NG esp-2021r2' --disable-__cxa_atexit --enable-cxx-flags=-ffunction-sections --disable-libgomp --disable-libmudflap --disable-libmpx --disable-libssp --disable-libquadmath --disable-libquadmath-support --with-gmp=/builds/idf/crosstool-NG/.build/riscv32-esp-elf/buildtools --with-mpfr=/builds/idf/crosstool-NG/.build/riscv32-esp-elf/buildtools --with-mpc=/builds/idf/crosstool-NG/.build/riscv32-esp-elf/buildtools --with-isl=/builds/idf/crosstool-NG/.build/riscv32-esp-elf/buildtools --enable-lto --enable-target-optspace --without-long-double-128 --disable-nls --enable-multiarch --enable-languages=c,c++ --disable-libstdcxx-verbose --enable-threads=posix --enable-gcov-custom-rtio --enable-libstdcxx-time=yes
Thread model: posix
gcc version 8.4.0 (crosstool-NG esp-2021r2) 
COLLECT_GCC_OPTIONS='-march=rv32imc' '-v' '-o' 'CMakeFiles/cmTC_1672e.dir/CMakeCCompilerABI.c.obj' '-c' '-mabi=ilp32'
 /home/michele/.espressif/tools/riscv32-esp-elf/esp-2021r2-8.4.0/riscv32-esp-elf/bin/../libexec/gcc/riscv32-esp-elf/8.4.0/cc1 -quiet -v -imultilib rv32imc/ilp32 -iprefix /home/michele/.espressif/tools/riscv32-esp-elf/esp-2021r2-8.4.0/riscv32-esp-elf/bin/../lib/gcc/riscv32-esp-elf/8.4.0/ /usr/share/cmake-3.18/Modules/CMakeCCompilerABI.c -quiet -dumpbase CMakeCCompilerABI.c -march=rv32imc -mabi=ilp32 -auxbase-strip CMakeFiles/cmTC_1672e.dir/CMakeCCompilerABI.c.obj -version -o /tmp/ccFUbliG.s
GNU C17 (crosstool-NG esp-2021r2) version 8.4.0 (riscv32-esp-elf)
	compiled by GNU C version 4.9.2, GMP version 6.2.0, MPFR version 4.0.2, MPC version 1.1.0, isl version isl-0.19-GMP

GGC heuristics: --param ggc-min-expand=100 --param ggc-min-heapsize=131072
ignoring duplicate directory "/home/michele/.espressif/tools/riscv32-esp-elf/esp-2021r2-8.4.0/riscv32-esp-elf/bin/../lib/gcc/../../lib/gcc/riscv32-esp-elf/8.4.0/include"
ignoring duplicate directory "/home/michele/.espressif/tools/riscv32-esp-elf/esp-2021r2-8.4.0/riscv32-esp-elf/bin/../lib/gcc/../../lib/gcc/riscv32-esp-elf/8.4.0/include-fixed"
ignoring duplicate directory "/home/michele/.espressif/tools/riscv32-esp-elf/esp-2021r2-8.4.0/riscv32-esp-elf/bin/../lib/gcc/../../lib/gcc/riscv32-esp-elf/8.4.0/../../../../riscv32-esp-elf/sys-include"
ignoring duplicate directory "/home/michele/.espressif/tools/riscv32-esp-elf/esp-2021r2-8.4.0/riscv32-esp-elf/bin/../lib/gcc/../../lib/gcc/riscv32-esp-elf/8.4.0/../../../../riscv32-esp-elf/include"
#include "..." search starts here:
#include <...> search starts here:
 /home/michele/.espressif/tools/riscv32-esp-elf/esp-2021r2-8.4.0/riscv32-esp-elf/bin/../lib/gcc/riscv32-esp-elf/8.4.0/include
 /home/michele/.espressif/tools/riscv32-esp-elf/esp-2021r2-8.4.0/riscv32-esp-elf/bin/../lib/gcc/riscv32-esp-elf/8.4.0/include-fixed
 /home/michele/.espressif/tools/riscv32-esp-elf/esp-2021r2-8.4.0/riscv32-esp-elf/bin/../lib/gcc/riscv32-esp-elf/8.4.0/../../../../riscv32-esp-elf/sys-include
 /home/michele/.espressif/tools/riscv32-esp-elf/esp-2021r2-8.4.0/riscv32-esp-elf/bin/../lib/gcc/riscv32-esp-elf/8.4.0/../../../../riscv32-esp-elf/include
End of search list.
GNU C17 (crosstool-NG esp-2021r2) version 8.4.0 (riscv32-esp-elf)
	compiled by GNU C version 4.9.2, GMP version 6.2.0, MPFR version 4.0.2, MPC version 1.1.0, isl version isl-0.19-GMP

GGC heuristics: --param ggc-min-expand=100 --param ggc-min-heapsize=131072
Compiler executable checksum: 7071c17eb684a2f023e7c29e625358ca
COLLECT_GCC_OPTIONS='-march=rv32imc' '-v' '-o' 'CMakeFiles/cmTC_1672e.dir/CMakeCCompilerABI.c.obj' '-c' '-mabi=ilp32'
 /home/michele/.espressif/tools/riscv32-esp-elf/esp-2021r2-8.4.0/riscv32-esp-elf/bin/../lib/gcc/riscv32-esp-elf/8.4.0/../../../../riscv32-esp-elf/bin/as -v --traditional-format -march=rv32imc -mabi=ilp32 -o CMakeFiles/cmTC_1672e.dir/CMakeCCompilerABI.c.obj /tmp/ccFUbliG.s
GNU assembler version 2.35.1 (riscv32-esp-elf) using BFD version (crosstool-NG esp-2021r2) 2.35.1.20201223
Assembler messages:
Fatal error: can't create CMakeFiles/cmTC_1672e.dir/CMakeCCompilerABI.c.obj: No such file or directory
ninja: build stopped: subcommand failed.




Determining if the C compiler works failed with the following output:
Change Dir: /home/michele/myesp/whells/build/CMakeFiles/CMakeTmp

Run Build Command(s):/usr/bin/ninja cmTC_ebd8a && ninja: error: loading 'build.ninja': No such file or directory



